-------------------------------------------------------------------------------
Test set: com.examly.springapp.SpringApplicationTests
-------------------------------------------------------------------------------
Tests run: 4, Failures: 3, Errors: 1, Skipped: 0, Time elapsed: 5.596 s <<< FAILURE! - in com.examly.springapp.SpringApplicationTests
test_case1  Time elapsed: 0.334 s  <<< FAILURE!
java.lang.AssertionError: Status expected:<200> but was:<201>
	at com.examly.springapp.SpringApplicationTests.test_case1(SpringApplicationTests.java:34)

test_case2  Time elapsed: 0.169 s  <<< FAILURE!
java.lang.AssertionError: No value at JSON path "$[*].houseNo"
	at com.examly.springapp.SpringApplicationTests.test_case2(SpringApplicationTests.java:48)

test_case3  Time elapsed: 0.024 s  <<< FAILURE!
java.lang.AssertionError: No value at JSON path "$.taskHolderName"
	at com.examly.springapp.SpringApplicationTests.test_case3(SpringApplicationTests.java:63)
Caused by: java.lang.IllegalArgumentException: json can not be null or empty
	at com.examly.springapp.SpringApplicationTests.test_case3(SpringApplicationTests.java:63)

test_case4  Time elapsed: 0.011 s  <<< ERROR!
org.springframework.web.util.NestedServletException: Request processing failed; nested exception is org.springframework.dao.EmptyResultDataAccessException: No class com.examly.springapp.entity.Task entity with id 12211 exists!
	at com.examly.springapp.SpringApplicationTests.test_case4(SpringApplicationTests.java:75)
Caused by: org.springframework.dao.EmptyResultDataAccessException: No class com.examly.springapp.entity.Task entity with id 12211 exists!
	at com.examly.springapp.SpringApplicationTests.test_case4(SpringApplicationTests.java:75)

